a 3
all 1
and 4
are 1
arnold 1
assigned 1
asterisks 1
averages 1
back 1
beauty 1
become 1
been 1
bo 1
by 2
computerized 1
computers 1
contest 1
corporations 1
david 1
derek 1
each 1
easy 1
education 1
entrants 1
era 1
even 2
famous 1
few 1
first 1
future 1
game 1
grade 1
happy 1
have 2
hill 1
horce 1
impact 1
in 2
is 2
it 1
judge 2
known 1
mcgraw 1
measure 1
measuring 1
mitchell 1
mode 1
movie 1
movies 1
new 1
novels 1
number 2
o 1
of 2
on 2
or 2
other 2
p 1
point 2
politics 1
quality 1
quantity 1
race 1
rating 1
ratings 1
rests 1
scale 1
seem 1
shows 1
society 1
some 1
stars 1
symbols 1
television 1
the 5
them 1
think 1
this 1
to 4
too 1
we 4
years 1
york 1
